This is LuaTeX, Version 0.95.0 (TeX Live 2016/W32TeX)  (format=lualatex 2016.10.3)  10 JUL 2018 14:54
 restricted system commands enabled.
**main.tex
(./main.tex
LaTeX2e <2016/03/31> patch level 3
Babel <3.9r> and hyphenation patterns for 1 language(s) loaded.

! LaTeX Error: File `header.tex' not found.

Type X to quit or <RETURN> to proceed,
or enter new name. (Default extension: tex)

Enter file name: 
! Emergency stop.
<read *> 
   
l.1 \input{header.tex}
                    

Here is how much of LuaTeX's memory you used:
 9 strings out of 495118
 100000,89155 words of node,token memory allocated
 243 words of node memory still in use:
   1 dir, 2 glue, 32 glue_spec nodes
   avail lists: 2:12,3:1,4:1
 3673 multiletter control sequences out of 65536+600000
 14 fonts using 418143 bytes
 5i,0n,3p,28b,15s stack positions out of 5000i,500n,10000p,200000b,100000s
!  ==> Fatal error occurred, no output PDF file produced!
